#
# An unexpected error has occurred (11)
#
Stack:
/lib/x86_64-linux-gnu/libc.so.6(+0x42520) [0x7f3df2c42520]
/home/ysyx/Xilinx/Vivado/2019.2/lib/lnx64.o/libverific.so(+0x5e4500) [0x7f3df3de4500]
/home/ysyx/Xilinx/Vivado/2019.2/lib/lnx64.o/libverific.so(Verific::hdl_file_sort::QuickParseVerilog(char const*)+0x952) [0x7f3df3df7fe2]
/home/ysyx/Xilinx/Vivado/2019.2/lib/lnx64.o/libverific.so(Verific::hdl_file_sort::QuickAnalyze(char const*, char const*)+0x79) [0x7f3df3e01de9]
/home/ysyx/Xilinx/Vivado/2019.2/lib/lnx64.o/libverific.so(Verific::hdl_file_sort::CreateNode(char const*, char const*)+0x37) [0x7f3df3e02677]
/home/ysyx/Xilinx/Vivado/2019.2/lib/lnx64.o/libverific.so(Verific::hdl_file_sort::RegisterFileInternal(char const*, char const*, unsigned int, unsigned int, unsigned int)+0x5a) [0x7f3df3e03bea]
srcscanner() [0x49b510]
srcscanner() [0x4a37ff]
srcscanner() [0x4a397e]
srcscanner() [0x4506ea]
srcscanner() [0x47c0f8]
/home/ysyx/Xilinx/Vivado/2019.2/lib/lnx64.o/libtcl8.5.so(TclInvokeStringCommand+0x76) [0x7f3df4a2ef66]
/home/ysyx/Xilinx/Vivado/2019.2/lib/lnx64.o/libtcl8.5.so(+0x334af) [0x7f3df4a334af]
/home/ysyx/Xilinx/Vivado/2019.2/lib/lnx64.o/libtcl8.5.so(+0x34b38) [0x7f3df4a34b38]
/home/ysyx/Xilinx/Vivado/2019.2/lib/lnx64.o/libtcl8.5.so(Tcl_EvalEx+0x13) [0x7f3df4a350a3]
/home/ysyx/Xilinx/Vivado/2019.2/lib/lnx64.o/libtcl8.5.so(Tcl_Eval+0x15) [0x7f3df4a350c5]
srcscanner(main+0x293) [0x43b993]
/lib/x86_64-linux-gnu/libc.so.6(+0x29d90) [0x7f3df2c29d90]
/lib/x86_64-linux-gnu/libc.so.6(__libc_start_main+0x80) [0x7f3df2c29e40]
srcscanner() [0x43e9b7]
